<?xml version="1.0" encoding="UTF-8"?>
<testsuite xmlns:xsi="http://www.w3.org/2001/XMLSchema-instance" xsi:noNamespaceSchemaLocation="https://maven.apache.org/surefire/maven-surefire-plugin/xsd/surefire-test-report.xsd" name="testRunners.TestRunner" time="202.061" tests="12" errors="4" skipped="0" failures="0">
  <properties>
[...]
</properties>
  <testcase name="Add Location" classname="Admin feature" time="8.174">
    <error message="unknown error: net::ERR_INTERNET_DISCONNECTED&#10;  (Session info: chrome=87.0.4280.88)&#10;Build info: version: &apos;3.141.59&apos;, revision: &apos;e82be7d358&apos;, time: &apos;2018-11-14T08:17:03&apos;&#10;System info: host: &apos;CE-512&apos;, ip: &apos;127.0.0.1&apos;, os.name: &apos;Windows 10&apos;, os.arch: &apos;amd64&apos;, os.version: &apos;10.0&apos;, java.version: &apos;1.8.0_201&apos;&#10;Driver info: org.openqa.selenium.chrome.ChromeDriver&#10;Capabilities {acceptInsecureCerts: false, browserName: chrome, browserVersion: 87.0.4280.88, chrome: {chromedriverVersion: 87.0.4280.88 (89e2380a3e36c..., userDataDir: C:\Users\ce512\AppData\Loca...}, goog:chromeOptions: {debuggerAddress: localhost:59489}, javascriptEnabled: true, networkConnectionEnabled: false, pageLoadStrategy: normal, platform: WINDOWS, platformName: WINDOWS, proxy: Proxy(), setWindowRect: true, strictFileInteractability: false, timeouts: {implicit: 0, pageLoad: 300000, script: 30000}, unhandledPromptBehavior: dismiss and notify, webauthn:virtualAuthenticators: true}&#10;Session ID: 9c655b41195012e74c13496431fef261" type="org.openqa.selenium.WebDriverException">org.openqa.selenium.WebDriverException: 
unknown error: net::ERR_INTERNET_DISCONNECTED
  (Session info: chrome=87.0.4280.88)
Build info: version: '3.141.59', revision: 'e82be7d358', time: '2018-11-14T08:17:03'
System info: host: 'CE-512', ip: '127.0.0.1', os.name: 'Windows 10', os.arch: 'amd64', os.version: '10.0', java.version: '1.8.0_201'
Driver info: org.openqa.selenium.chrome.ChromeDriver
Capabilities {acceptInsecureCerts: false, browserName: chrome, browserVersion: 87.0.4280.88, chrome: {chromedriverVersion: 87.0.4280.88 (89e2380a3e36c..., userDataDir: C:\Users\ce512\AppData\Loca...}, goog:chromeOptions: {debuggerAddress: localhost:59489}, javascriptEnabled: true, networkConnectionEnabled: false, pageLoadStrategy: normal, platform: WINDOWS, platformName: WINDOWS, proxy: Proxy(), setWindowRect: true, strictFileInteractability: false, timeouts: {implicit: 0, pageLoad: 300000, script: 30000}, unhandledPromptBehavior: dismiss and notify, webauthn:virtualAuthenticators: true}
Session ID: 9c655b41195012e74c13496431fef261
</error>
    <system-out><![CDATA[
Scenario: Add Location                               &amp#27;[90m# src/test/resources/appFeatures/Admin.feature:9&amp#27;[0m
The browser is : chrome
  &amp#27;[31mGiven &amp#27;[0m&amp#27;[31mUser is at the login page&amp#27;[0m                    &amp#27;[90m# com.stepDefinition.LoginSteps.user_is_at_the_login_page()&amp#27;[0m
      &amp#27;[31morg.openqa.selenium.WebDriverException: unknown error: net::ERR_INTERNET_DISCONNECTED
  (Session info: chrome=87.0.4280.88)
Build info: version: '3.141.59', revision: 'e82be7d358', time: '2018-11-14T08:17:03'
System info: host: 'CE-512', ip: '127.0.0.1', os.name: 'Windows 10', os.arch: 'amd64', os.version: '10.0', java.version: '1.8.0_201'
Driver info: org.openqa.selenium.chrome.ChromeDriver
Capabilities {acceptInsecureCerts: false, browserName: chrome, browserVersion: 87.0.4280.88, chrome: {chromedriverVersion: 87.0.4280.88 (89e2380a3e36c..., userDataDir: C:\Users\ce512\AppData\Loca...}, goog:chromeOptions: {debuggerAddress: localhost:59489}, javascriptEnabled: true, networkConnectionEnabled: false, pageLoadStrategy: normal, platform: WINDOWS, platformName: WINDOWS, proxy: Proxy(), setWindowRect: true, strictFileInteractability: false, timeouts: {implicit: 0, pageLoad: 300000, script: 30000}, unhandledPromptBehavior: dismiss and notify, webauthn:virtualAuthenticators: true}
Session ID: 9c655b41195012e74c13496431fef261
	at sun.reflect.NativeConstructorAccessorImpl.newInstance0(Native Method)
	at sun.reflect.NativeConstructorAccessorImpl.newInstance(Unknown Source)
	at sun.reflect.DelegatingConstructorAccessorImpl.newInstance(Unknown Source)
	at java.lang.reflect.Constructor.newInstance(Unknown Source)
	at org.openqa.selenium.remote.http.W3CHttpResponseCodec.createException(W3CHttpResponseCodec.java:187)
	at org.openqa.selenium.remote.http.W3CHttpResponseCodec.decode(W3CHttpResponseCodec.java:122)
	at org.openqa.selenium.remote.http.W3CHttpResponseCodec.decode(W3CHttpResponseCodec.java:49)
	at org.openqa.selenium.remote.HttpCommandExecutor.execute(HttpCommandExecutor.java:158)
	at org.openqa.selenium.remote.service.DriverCommandExecutor.execute(DriverCommandExecutor.java:83)
	at org.openqa.selenium.remote.RemoteWebDriver.execute(RemoteWebDriver.java:552)
	at org.openqa.selenium.remote.RemoteWebDriver.get(RemoteWebDriver.java:277)
	at com.qa.util.ElementUtil.getURL(ElementUtil.java:19)
	at com.pages.LoginPage.getApplicationURL(LoginPage.java:28)
	at com.stepDefinition.LoginSteps.user_is_at_the_login_page(LoginSteps.java:27)
	at âœ½.User is at the login page(file:///D:/WorkSapce2020/CucumberUI/src/test/resources/appFeatures/Admin.feature:4)
&amp#27;[0m
  &amp#27;[36mWhen &amp#27;[0m&amp#27;[36mUser enters correct Username and Password&amp#27;[0m     &amp#27;[90m# com.stepDefinition.LoginSteps.user_enters_correct_username_and_password()&amp#27;[0m
  &amp#27;[36mAnd &amp#27;[0m&amp#27;[36mUser clicks on the login Button&amp#27;[0m                &amp#27;[90m# com.stepDefinition.LoginSteps.user_clicks_on_the_login_button()&amp#27;[0m
  &amp#27;[36mThen &amp#27;[0m&amp#27;[36mUser should be able to login&amp#27;[0m                  &amp#27;[90m# com.stepDefinition.LoginSteps.user_should_be_able_to_login()&amp#27;[0m
  &amp#27;[36mGiven &amp#27;[0m&amp#27;[36mUser is on the Dashboard Page&amp#27;[0m                &amp#27;[90m# com.stepDefinition.DashBoardSteps.user_is_on_the_dashboard_page()&amp#27;[0m
  &amp#27;[36mWhen &amp#27;[0m&amp#27;[36mUser clicks on Admin panel&amp#27;[0m                    &amp#27;[90m# com.stepDefinition.AdminSteps.user_clicks_on_admin_panel()&amp#27;[0m
  &amp#27;[36mAnd &amp#27;[0m&amp#27;[36mUser clicks on Oraganization section&amp#27;[0m           &amp#27;[90m# com.stepDefinition.AdminSteps.user_clicks_on_oraganization_section()&amp#27;[0m
  &amp#27;[36mAnd &amp#27;[0m&amp#27;[36mUser click on Locations link&amp#27;[0m                   &amp#27;[90m# com.stepDefinition.AdminSteps.user_click_on_locations_link()&amp#27;[0m
  &amp#27;[36mThen &amp#27;[0m&amp#27;[36mLocations page should be dispalyed&amp#27;[0m            &amp#27;[90m# com.stepDefinition.AdminSteps.locations_page_should_be_dispalyed()&amp#27;[0m
  &amp#27;[36mAnd &amp#27;[0m&amp#27;[36mUser clicks on Add Location Icon&amp#27;[0m               &amp#27;[90m# com.stepDefinition.AdminSteps.user_clicks_on_add_location_icon()&amp#27;[0m
  &amp#27;[36mThen &amp#27;[0m&amp#27;[36mAdd location form should be displayed&amp#27;[0m         &amp#27;[90m# com.stepDefinition.AdminSteps.add_location_form_should_be_displayed()&amp#27;[0m
  &amp#27;[36mAnd &amp#27;[0m&amp#27;[36mUser enters the location details&amp#27;[0m               &amp#27;[90m# com.stepDefinition.AdminSteps.user_enters_the_location_details(io.cucumber.datatable.DataTable)&amp#27;[0m
  &amp#27;[36mAnd &amp#27;[0m&amp#27;[36mclick on Save button&amp#27;[0m                           &amp#27;[90m# com.stepDefinition.AdminSteps.click_on_save_button()&amp#27;[0m
  &amp#27;[36mThen &amp#27;[0m&amp#27;[36mSucessfully saved message should be displayed&amp#27;[0m &amp#27;[90m# com.stepDefinition.AdminSteps.sucessfully_saved_message_should_be_displayed()&amp#27;[0m
  &amp#27;[36mAnd &amp#27;[0m&amp#27;[36mLocation added should be in the Locations list&amp#27;[0m &amp#27;[90m# com.stepDefinition.AdminSteps.location_added_should_be_in_the_locations_list()&amp#27;[0m

    Embedding Add_Location [image/png 18133 bytes]

]]></system-out>
    <system-err><![CDATA[SLF4J: Failed to load class "org.slf4j.impl.StaticLoggerBinder".
SLF4J: Defaulting to no-operation (NOP) logger implementation
SLF4J: See http://www.slf4j.org/codes.html#StaticLoggerBinder for further details.
Starting ChromeDriver 87.0.4280.88 (89e2380a3e36c3464b5dd1302349b1382549290d-refs/branch-heads/4280@{#1761}) on port 2304
Only local connections are allowed.
Please see https://chromedriver.chromium.org/security-considerations for suggestions on keeping ChromeDriver safe.
ChromeDriver was started successfully.
Jan 08, 2021 1:04:02 AM org.openqa.selenium.remote.ProtocolHandshake createSession
INFO: Detected dialect: W3C
]]></system-err>
  </testcase>
  <testcase name="Dashborad is displayed" classname="Dashboard Page" time="8.546">
    <error message="unknown error: net::ERR_INTERNET_DISCONNECTED&#10;  (Session info: chrome=87.0.4280.88)&#10;Build info: version: &apos;3.141.59&apos;, revision: &apos;e82be7d358&apos;, time: &apos;2018-11-14T08:17:03&apos;&#10;System info: host: &apos;CE-512&apos;, ip: &apos;127.0.0.1&apos;, os.name: &apos;Windows 10&apos;, os.arch: &apos;amd64&apos;, os.version: &apos;10.0&apos;, java.version: &apos;1.8.0_201&apos;&#10;Driver info: org.openqa.selenium.chrome.ChromeDriver&#10;Capabilities {acceptInsecureCerts: false, browserName: chrome, browserVersion: 87.0.4280.88, chrome: {chromedriverVersion: 87.0.4280.88 (89e2380a3e36c..., userDataDir: C:\Users\ce512\AppData\Loca...}, goog:chromeOptions: {debuggerAddress: localhost:59531}, javascriptEnabled: true, networkConnectionEnabled: false, pageLoadStrategy: normal, platform: WINDOWS, platformName: WINDOWS, proxy: Proxy(), setWindowRect: true, strictFileInteractability: false, timeouts: {implicit: 0, pageLoad: 300000, script: 30000}, unhandledPromptBehavior: dismiss and notify, webauthn:virtualAuthenticators: true}&#10;Session ID: bffcc13918b11e387cb07d288216d2d7" type="org.openqa.selenium.WebDriverException">org.openqa.selenium.WebDriverException: 
unknown error: net::ERR_INTERNET_DISCONNECTED
  (Session info: chrome=87.0.4280.88)
Build info: version: '3.141.59', revision: 'e82be7d358', time: '2018-11-14T08:17:03'
System info: host: 'CE-512', ip: '127.0.0.1', os.name: 'Windows 10', os.arch: 'amd64', os.version: '10.0', java.version: '1.8.0_201'
Driver info: org.openqa.selenium.chrome.ChromeDriver
Capabilities {acceptInsecureCerts: false, browserName: chrome, browserVersion: 87.0.4280.88, chrome: {chromedriverVersion: 87.0.4280.88 (89e2380a3e36c..., userDataDir: C:\Users\ce512\AppData\Loca...}, goog:chromeOptions: {debuggerAddress: localhost:59531}, javascriptEnabled: true, networkConnectionEnabled: false, pageLoadStrategy: normal, platform: WINDOWS, platformName: WINDOWS, proxy: Proxy(), setWindowRect: true, strictFileInteractability: false, timeouts: {implicit: 0, pageLoad: 300000, script: 30000}, unhandledPromptBehavior: dismiss and notify, webauthn:virtualAuthenticators: true}
Session ID: bffcc13918b11e387cb07d288216d2d7
</error>
    <system-out><![CDATA[
Scenario: Dashborad is displayed                 &amp#27;[90m# src/test/resources/appFeatures/DashBoardPage.feature:10&amp#27;[0m
The browser is : chrome
  &amp#27;[31mGiven &amp#27;[0m&amp#27;[31mUser is at the login page&amp#27;[0m                &amp#27;[90m# com.stepDefinition.LoginSteps.user_is_at_the_login_page()&amp#27;[0m
      &amp#27;[31morg.openqa.selenium.WebDriverException: unknown error: net::ERR_INTERNET_DISCONNECTED
  (Session info: chrome=87.0.4280.88)
Build info: version: '3.141.59', revision: 'e82be7d358', time: '2018-11-14T08:17:03'
System info: host: 'CE-512', ip: '127.0.0.1', os.name: 'Windows 10', os.arch: 'amd64', os.version: '10.0', java.version: '1.8.0_201'
Driver info: org.openqa.selenium.chrome.ChromeDriver
Capabilities {acceptInsecureCerts: false, browserName: chrome, browserVersion: 87.0.4280.88, chrome: {chromedriverVersion: 87.0.4280.88 (89e2380a3e36c..., userDataDir: C:\Users\ce512\AppData\Loca...}, goog:chromeOptions: {debuggerAddress: localhost:59531}, javascriptEnabled: true, networkConnectionEnabled: false, pageLoadStrategy: normal, platform: WINDOWS, platformName: WINDOWS, proxy: Proxy(), setWindowRect: true, strictFileInteractability: false, timeouts: {implicit: 0, pageLoad: 300000, script: 30000}, unhandledPromptBehavior: dismiss and notify, webauthn:virtualAuthenticators: true}
Session ID: bffcc13918b11e387cb07d288216d2d7
	at sun.reflect.NativeConstructorAccessorImpl.newInstance0(Native Method)
	at sun.reflect.NativeConstructorAccessorImpl.newInstance(Unknown Source)
	at sun.reflect.DelegatingConstructorAccessorImpl.newInstance(Unknown Source)
	at java.lang.reflect.Constructor.newInstance(Unknown Source)
	at org.openqa.selenium.remote.http.W3CHttpResponseCodec.createException(W3CHttpResponseCodec.java:187)
	at org.openqa.selenium.remote.http.W3CHttpResponseCodec.decode(W3CHttpResponseCodec.java:122)
	at org.openqa.selenium.remote.http.W3CHttpResponseCodec.decode(W3CHttpResponseCodec.java:49)
	at org.openqa.selenium.remote.HttpCommandExecutor.execute(HttpCommandExecutor.java:158)
	at org.openqa.selenium.remote.service.DriverCommandExecutor.execute(DriverCommandExecutor.java:83)
	at org.openqa.selenium.remote.RemoteWebDriver.execute(RemoteWebDriver.java:552)
	at org.openqa.selenium.remote.RemoteWebDriver.get(RemoteWebDriver.java:277)
	at com.qa.util.ElementUtil.getURL(ElementUtil.java:19)
	at com.pages.LoginPage.getApplicationURL(LoginPage.java:28)
	at com.stepDefinition.LoginSteps.user_is_at_the_login_page(LoginSteps.java:27)
	at âœ½.User is at the login page(file:///D:/WorkSapce2020/CucumberUI/src/test/resources/appFeatures/DashBoardPage.feature:4)
&amp#27;[0m
  &amp#27;[36mWhen &amp#27;[0m&amp#27;[36mUser enters correct Username and Password&amp#27;[0m &amp#27;[90m# com.stepDefinition.LoginSteps.user_enters_correct_username_and_password()&amp#27;[0m
  &amp#27;[36mAnd &amp#27;[0m&amp#27;[36mUser clicks on the login Button&amp#27;[0m            &amp#27;[90m# com.stepDefinition.LoginSteps.user_clicks_on_the_login_button()&amp#27;[0m
  &amp#27;[36mThen &amp#27;[0m&amp#27;[36mUser should be able to login&amp#27;[0m              &amp#27;[90m# com.stepDefinition.LoginSteps.user_should_be_able_to_login()&amp#27;[0m
  &amp#27;[36mGiven &amp#27;[0m&amp#27;[36mUser is on the Dashboard Page&amp#27;[0m            &amp#27;[90m# com.stepDefinition.DashBoardSteps.user_is_on_the_dashboard_page()&amp#27;[0m
  &amp#27;[36mWhen &amp#27;[0m&amp#27;[36mUser verifies the page title&amp#27;[0m              &amp#27;[90m# com.stepDefinition.LoginSteps.user_verifies_the_page_title()&amp#27;[0m
  &amp#27;[36mThen &amp#27;[0m&amp#27;[36mpage title should be &amp#27;[0m&amp#27;[36m&amp#27;[1m"OrangeHRM"&amp#27;[0m          &amp#27;[90m# com.stepDefinition.LoginSteps.page_title_should_be_as_expected(java.lang.String)&amp#27;[0m

    Embedding Dashborad_is_displayed [image/png 17930 bytes]

]]></system-out>
    <system-err><![CDATA[Starting ChromeDriver 87.0.4280.88 (89e2380a3e36c3464b5dd1302349b1382549290d-refs/branch-heads/4280@{#1761}) on port 26994
Only local connections are allowed.
Please see https://chromedriver.chromium.org/security-considerations for suggestions on keeping ChromeDriver safe.
ChromeDriver was started successfully.
Jan 08, 2021 1:04:10 AM org.openqa.selenium.remote.ProtocolHandshake createSession
INFO: Detected dialect: W3C
]]></system-err>
  </testcase>
  <testcase name="Admin Panel" classname="Dashboard Page" time="6.874">
    <error message="unknown error: net::ERR_INTERNET_DISCONNECTED&#10;  (Session info: chrome=87.0.4280.88)&#10;Build info: version: &apos;3.141.59&apos;, revision: &apos;e82be7d358&apos;, time: &apos;2018-11-14T08:17:03&apos;&#10;System info: host: &apos;CE-512&apos;, ip: &apos;127.0.0.1&apos;, os.name: &apos;Windows 10&apos;, os.arch: &apos;amd64&apos;, os.version: &apos;10.0&apos;, java.version: &apos;1.8.0_201&apos;&#10;Driver info: org.openqa.selenium.chrome.ChromeDriver&#10;Capabilities {acceptInsecureCerts: false, browserName: chrome, browserVersion: 87.0.4280.88, chrome: {chromedriverVersion: 87.0.4280.88 (89e2380a3e36c..., userDataDir: C:\Users\ce512\AppData\Loca...}, goog:chromeOptions: {debuggerAddress: localhost:59581}, javascriptEnabled: true, networkConnectionEnabled: false, pageLoadStrategy: normal, platform: WINDOWS, platformName: WINDOWS, proxy: Proxy(), setWindowRect: true, strictFileInteractability: false, timeouts: {implicit: 0, pageLoad: 300000, script: 30000}, unhandledPromptBehavior: dismiss and notify, webauthn:virtualAuthenticators: true}&#10;Session ID: e732f5cf63108b5209da8283d484e4ca" type="org.openqa.selenium.WebDriverException">org.openqa.selenium.WebDriverException: 
unknown error: net::ERR_INTERNET_DISCONNECTED
  (Session info: chrome=87.0.4280.88)
Build info: version: '3.141.59', revision: 'e82be7d358', time: '2018-11-14T08:17:03'
System info: host: 'CE-512', ip: '127.0.0.1', os.name: 'Windows 10', os.arch: 'amd64', os.version: '10.0', java.version: '1.8.0_201'
Driver info: org.openqa.selenium.chrome.ChromeDriver
Capabilities {acceptInsecureCerts: false, browserName: chrome, browserVersion: 87.0.4280.88, chrome: {chromedriverVersion: 87.0.4280.88 (89e2380a3e36c..., userDataDir: C:\Users\ce512\AppData\Loca...}, goog:chromeOptions: {debuggerAddress: localhost:59581}, javascriptEnabled: true, networkConnectionEnabled: false, pageLoadStrategy: normal, platform: WINDOWS, platformName: WINDOWS, proxy: Proxy(), setWindowRect: true, strictFileInteractability: false, timeouts: {implicit: 0, pageLoad: 300000, script: 30000}, unhandledPromptBehavior: dismiss and notify, webauthn:virtualAuthenticators: true}
Session ID: e732f5cf63108b5209da8283d484e4ca
</error>
    <system-out><![CDATA[
Scenario: Admin Panel                            &amp#27;[90m# src/test/resources/appFeatures/DashBoardPage.feature:15&amp#27;[0m
The browser is : chrome
  &amp#27;[31mGiven &amp#27;[0m&amp#27;[31mUser is at the login page&amp#27;[0m                &amp#27;[90m# com.stepDefinition.LoginSteps.user_is_at_the_login_page()&amp#27;[0m
      &amp#27;[31morg.openqa.selenium.WebDriverException: unknown error: net::ERR_INTERNET_DISCONNECTED
  (Session info: chrome=87.0.4280.88)
Build info: version: '3.141.59', revision: 'e82be7d358', time: '2018-11-14T08:17:03'
System info: host: 'CE-512', ip: '127.0.0.1', os.name: 'Windows 10', os.arch: 'amd64', os.version: '10.0', java.version: '1.8.0_201'
Driver info: org.openqa.selenium.chrome.ChromeDriver
Capabilities {acceptInsecureCerts: false, browserName: chrome, browserVersion: 87.0.4280.88, chrome: {chromedriverVersion: 87.0.4280.88 (89e2380a3e36c..., userDataDir: C:\Users\ce512\AppData\Loca...}, goog:chromeOptions: {debuggerAddress: localhost:59581}, javascriptEnabled: true, networkConnectionEnabled: false, pageLoadStrategy: normal, platform: WINDOWS, platformName: WINDOWS, proxy: Proxy(), setWindowRect: true, strictFileInteractability: false, timeouts: {implicit: 0, pageLoad: 300000, script: 30000}, unhandledPromptBehavior: dismiss and notify, webauthn:virtualAuthenticators: true}
Session ID: e732f5cf63108b5209da8283d484e4ca
	at sun.reflect.NativeConstructorAccessorImpl.newInstance0(Native Method)
	at sun.reflect.NativeConstructorAccessorImpl.newInstance(Unknown Source)
	at sun.reflect.DelegatingConstructorAccessorImpl.newInstance(Unknown Source)
	at java.lang.reflect.Constructor.newInstance(Unknown Source)
	at org.openqa.selenium.remote.http.W3CHttpResponseCodec.createException(W3CHttpResponseCodec.java:187)
	at org.openqa.selenium.remote.http.W3CHttpResponseCodec.decode(W3CHttpResponseCodec.java:122)
	at org.openqa.selenium.remote.http.W3CHttpResponseCodec.decode(W3CHttpResponseCodec.java:49)
	at org.openqa.selenium.remote.HttpCommandExecutor.execute(HttpCommandExecutor.java:158)
	at org.openqa.selenium.remote.service.DriverCommandExecutor.execute(DriverCommandExecutor.java:83)
	at org.openqa.selenium.remote.RemoteWebDriver.execute(RemoteWebDriver.java:552)
	at org.openqa.selenium.remote.RemoteWebDriver.get(RemoteWebDriver.java:277)
	at com.qa.util.ElementUtil.getURL(ElementUtil.java:19)
	at com.pages.LoginPage.getApplicationURL(LoginPage.java:28)
	at com.stepDefinition.LoginSteps.user_is_at_the_login_page(LoginSteps.java:27)
	at âœ½.User is at the login page(file:///D:/WorkSapce2020/CucumberUI/src/test/resources/appFeatures/DashBoardPage.feature:4)
&amp#27;[0m
  &amp#27;[36mWhen &amp#27;[0m&amp#27;[36mUser enters correct Username and Password&amp#27;[0m &amp#27;[90m# com.stepDefinition.LoginSteps.user_enters_correct_username_and_password()&amp#27;[0m
  &amp#27;[36mAnd &amp#27;[0m&amp#27;[36mUser clicks on the login Button&amp#27;[0m            &amp#27;[90m# com.stepDefinition.LoginSteps.user_clicks_on_the_login_button()&amp#27;[0m
  &amp#27;[36mThen &amp#27;[0m&amp#27;[36mUser should be able to login&amp#27;[0m              &amp#27;[90m# com.stepDefinition.LoginSteps.user_should_be_able_to_login()&amp#27;[0m
  &amp#27;[36mGiven &amp#27;[0m&amp#27;[36mUser is on the Dashboard Page&amp#27;[0m            &amp#27;[90m# com.stepDefinition.DashBoardSteps.user_is_on_the_dashboard_page()&amp#27;[0m
  &amp#27;[36mWhen &amp#27;[0m&amp#27;[36mUser clicks on the Admin panel&amp#27;[0m            &amp#27;[90m# com.stepDefinition.DashBoardSteps.user_clicks_on_the_admin_panel()&amp#27;[0m
  &amp#27;[36mThen &amp#27;[0m&amp#27;[36mUser Mangement Panel is displayed&amp#27;[0m         &amp#27;[90m# com.stepDefinition.DashBoardSteps.user_mangement_panel_is_displayed()&amp#27;[0m

    Embedding Admin_Panel [image/png 17930 bytes]

]]></system-out>
    <system-err><![CDATA[Starting ChromeDriver 87.0.4280.88 (89e2380a3e36c3464b5dd1302349b1382549290d-refs/branch-heads/4280@{#1761}) on port 21362
Only local connections are allowed.
Please see https://chromedriver.chromium.org/security-considerations for suggestions on keeping ChromeDriver safe.
ChromeDriver was started successfully.
Jan 08, 2021 1:04:18 AM org.openqa.selenium.remote.ProtocolHandshake createSession
INFO: Detected dialect: W3C
]]></system-err>
  </testcase>
  <testcase name="Logout" classname="Dashboard Page" time="17.53">
    <error type="java.lang.NullPointerException">java.lang.NullPointerException
</error>
    <system-out><![CDATA[
Scenario: Logout                                 &amp#27;[90m# src/test/resources/appFeatures/DashBoardPage.feature:20&amp#27;[0m
The browser is : chrome
  &amp#27;[32mGiven &amp#27;[0m&amp#27;[32mUser is at the login page&amp#27;[0m                &amp#27;[90m# com.stepDefinition.LoginSteps.user_is_at_the_login_page()&amp#27;[0m
  &amp#27;[31mWhen &amp#27;[0m&amp#27;[31mUser enters correct Username and Password&amp#27;[0m &amp#27;[90m# com.stepDefinition.LoginSteps.user_enters_correct_username_and_password()&amp#27;[0m
      &amp#27;[31mjava.lang.NullPointerException
	at com.qa.util.ElementUtil.enterTextFieldValue(ElementUtil.java:63)
	at com.pages.LoginPage.enterUserName(LoginPage.java:46)
	at com.stepDefinition.LoginSteps.user_enters_correct_username_and_password(LoginSteps.java:62)
	at âœ½.User enters correct Username and Password(file:///D:/WorkSapce2020/CucumberUI/src/test/resources/appFeatures/DashBoardPage.feature:5)
&amp#27;[0m
  &amp#27;[36mAnd &amp#27;[0m&amp#27;[36mUser clicks on the login Button&amp#27;[0m            &amp#27;[90m# com.stepDefinition.LoginSteps.user_clicks_on_the_login_button()&amp#27;[0m
  &amp#27;[36mThen &amp#27;[0m&amp#27;[36mUser should be able to login&amp#27;[0m              &amp#27;[90m# com.stepDefinition.LoginSteps.user_should_be_able_to_login()&amp#27;[0m
  &amp#27;[36mGiven &amp#27;[0m&amp#27;[36mUser is on the Dashboard Page&amp#27;[0m            &amp#27;[90m# com.stepDefinition.DashBoardSteps.user_is_on_the_dashboard_page()&amp#27;[0m
  &amp#27;[36mWhen &amp#27;[0m&amp#27;[36mUser clicks on the Admin Account&amp#27;[0m          &amp#27;[90m# com.stepDefinition.DashBoardSteps.user_clicks_on_the_admin_account()&amp#27;[0m
  &amp#27;[36mAnd &amp#27;[0m&amp#27;[36mUser clicks on Logout&amp#27;[0m                      &amp#27;[90m# com.stepDefinition.DashBoardSteps.user_clicks_on_logout()&amp#27;[0m
  &amp#27;[36mThen &amp#27;[0m&amp#27;[36mUser should be logged out&amp#27;[0m                 &amp#27;[90m# com.stepDefinition.DashBoardSteps.user_should_be_logged_out()&amp#27;[0m

    Embedding Logout [image/png 15490 bytes]

]]></system-out>
    <system-err><![CDATA[Starting ChromeDriver 87.0.4280.88 (89e2380a3e36c3464b5dd1302349b1382549290d-refs/branch-heads/4280@{#1761}) on port 47878
Only local connections are allowed.
Please see https://chromedriver.chromium.org/security-considerations for suggestions on keeping ChromeDriver safe.
ChromeDriver was started successfully.
Jan 08, 2021 1:04:25 AM org.openqa.selenium.remote.ProtocolHandshake createSession
INFO: Detected dialect: W3C
]]></system-err>
  </testcase>
  <testcase name="Login Page Title" classname="Login Feature" time="9.321"/>
  <testcase name="Validation message for empty Username field" classname="Login Feature" time="19.606"/>
  <testcase name="Validation message for empty Password field" classname="Login Feature" time="19.733"/>
  <testcase name="Login Button present" classname="Login Feature" time="9.205"/>
  <testcase name="Login with correct credentials" classname="Login Feature" time="13.078"/>
  <testcase name="Login with incorrect credential" classname="Login Feature" time="22.525"/>
  <testcase name="Login with correct credentials on Retry Login Page" classname="Login Feature" time="28.334"/>
  <testcase name="Login with incorrect credentials on Retry Login Page" classname="Login Feature" time="35.648"/>
</testsuite>